FILE_TYPE=LIBRARY_PARTS;
PRIMITIVE 'ESDPSA0402V05','ESDPSA0402V05_Other';
  PIN
    'K1':
      PIN_NUMBER='(1)';
      NO_LOAD_CHECK=BOTH;
      NO_IO_CHECK=BOTH;
      ALLOW_CONNECT=TRUE;
      PINUSE='UNSPEC';
    'K2':
      PIN_NUMBER='(2)';
      NO_LOAD_CHECK=BOTH;
      NO_IO_CHECK=BOTH;
      ALLOW_CONNECT=TRUE;
      PINUSE='UNSPEC';
  END_PIN;
  BODY
    PART_NAME='ESDPSA0402V05';
    PHYS_DES_PREFIX='D';
    NO_LOAD_CHECK='TRUE';
    PIN_COUNT='2';
    BODY_NAME='ESDPSA0402V05';
    JEDEC_TYPE='ESDPSA0402V05';
  END_BODY;
END_PRIMITIVE;
END.
